# Logfile created on 2024-10-09 06:01:16 +0000 by logger.rb/v1.6.0
I, [2024-10-09T06:01:16.976573 #1]  INFO -- : Using GitHub Features: Defaults
I, [2024-10-09T06:01:17.001137 #1]  INFO -- request: GET https://gitlab.com/api/v4/projects/ndowens%2FPKGBUILDs
I, [2024-10-09T06:01:17.441245 #1]  INFO -- response: Status 200
I, [2024-10-09T06:01:17.446839 #1]  INFO -- request: GET https://gitlab.com/api/v4/projects/ndowens%2FPKGBUILDs
I, [2024-10-09T06:01:17.868317 #1]  INFO -- response: Status 200
I, [2024-10-09T06:01:17.870759 #1]  INFO -- request: GET https://gitlab.com/api/v4/projects/ndowens%2FPKGBUILDs/repository/files/.gitlab-ci.yml?ref=master
I, [2024-10-09T06:01:18.478815 #1]  INFO -- response: Status 200
I, [2024-10-09T06:01:18.483652 #1]  INFO -- request: GET https://gitlab.com/api/v4/projects/ndowens%2FPKGBUILDs/variables
I, [2024-10-09T06:01:18.811041 #1]  INFO -- response: Status 200
I, [2024-10-09T06:01:18.811565 #1]  INFO -- request: GET https://gitlab.com/api/v4/groups/ndowens/variables
I, [2024-10-09T06:01:19.119726 #1]  INFO -- response: Status 404
W, [2024-10-09T06:01:19.120067 #1]  WARN -- : Unable to fetch group variables for 'ndowens'
I, [2024-10-09T06:01:19.120408 #1]  INFO -- request: GET https://gitlab.com/api/v4/projects/ndowens%2FPKGBUILDs/pipeline_schedules
I, [2024-10-09T06:01:19.463089 #1]  INFO -- response: Status 200
D, [2024-10-09T06:01:19.469660 #1] DEBUG -- : [Transformers::GitlabCI::On]: Located transformer for 'push'
D, [2024-10-09T06:01:19.469755 #1] DEBUG -- : [Transformers::GitlabCI::On]: Located transformer for 'merge_request'
D, [2024-10-09T06:01:19.469798 #1] DEBUG -- : [Transformers::GitlabCI::On]: Located transformer for 'manual'
D, [2024-10-09T06:01:19.469834 #1] DEBUG -- : [Transformers::GitlabCI::On]: Located transformer for 'schedule'
D, [2024-10-09T06:01:19.470280 #1] DEBUG -- : [Transformers::GitlabCI::Steps]: Located transformer for 'checkout'
D, [2024-10-09T06:01:19.470727 #1] DEBUG -- : [Transformers::GitlabCI::Steps]: Located transformer for 'script'
D, [2024-10-09T06:01:19.470783 #1] DEBUG -- : [Transformers::GitlabCI::Steps]: Located transformer for 'script'
D, [2024-10-09T06:01:19.470820 #1] DEBUG -- : [Transformers::GitlabCI::Steps]: Located transformer for 'script'
D, [2024-10-09T06:01:19.470853 #1] DEBUG -- : [Transformers::GitlabCI::Steps]: Located transformer for 'script'
D, [2024-10-09T06:01:19.470887 #1] DEBUG -- : [Transformers::GitlabCI::Steps]: Located transformer for 'artifacts'
D, [2024-10-09T06:01:19.471238 #1] DEBUG -- : [Transformers::GitlabCI::Steps]: Located transformer for 'checkout'
D, [2024-10-09T06:01:19.471305 #1] DEBUG -- : [Transformers::GitlabCI::Steps]: Located transformer for 'script'
D, [2024-10-09T06:01:19.471344 #1] DEBUG -- : [Transformers::GitlabCI::Steps]: Located transformer for 'artifacts'
D, [2024-10-09T06:01:19.471513 #1] DEBUG -- : [Transformers::GitlabCI::Steps]: Located transformer for 'checkout'
D, [2024-10-09T06:01:19.471574 #1] DEBUG -- : [Transformers::GitlabCI::Steps]: Located transformer for 'dependencies'
D, [2024-10-09T06:01:19.471738 #1] DEBUG -- : [Transformers::GitlabCI::Steps]: Located transformer for 'script'
D, [2024-10-09T06:01:19.471778 #1] DEBUG -- : [Transformers::GitlabCI::Steps]: Located transformer for 'script'
D, [2024-10-09T06:01:19.471812 #1] DEBUG -- : [Transformers::GitlabCI::Steps]: Located transformer for 'artifacts'
D, [2024-10-09T06:01:19.471894 #1] DEBUG -- : [Transformers::GitlabCI::Steps]: Located transformer for 'checkout'
D, [2024-10-09T06:01:19.471946 #1] DEBUG -- : [Transformers::GitlabCI::Steps]: Located transformer for 'dependencies'
D, [2024-10-09T06:01:19.472076 #1] DEBUG -- : [Transformers::GitlabCI::Steps]: Located transformer for 'script'
D, [2024-10-09T06:01:19.472116 #1] DEBUG -- : [Transformers::GitlabCI::Steps]: Located transformer for 'artifacts'
D, [2024-10-09T06:01:19.472163 #1] DEBUG -- : [Transformers::GitlabCI::Steps]: Located transformer for 'pages'
I, [2024-10-09T06:01:19.547874 #1]  INFO -- request: GET https://api.github.com/repos/ndowen/pkgs
I, [2024-10-09T06:01:19.778570 #1]  INFO -- response: Status 401
I, [2024-10-09T06:01:19.781180 #1]  INFO -- request: GET https://api.github.com/user
I, [2024-10-09T06:01:20.019448 #1]  INFO -- response: Status 401
I, [2024-10-09T06:01:20.019626 #1]  INFO -- : GET https://api.github.com/user: 401 - Bad credentials // See: https://docs.github.com/rest
I, [2024-10-09T06:01:20.019735 #1]  INFO -- : Sending telemetry with transaction id 'f2b98f65-b97a-4aa6-8f64-aa6783ff67e2'
E, [2024-10-09T06:01:20.247519 #1] ERROR -- : Unable to authenticate.
Please verify the `GITHUB_ACCESS_TOKEN` variable is valid and contains the repo and workflow scopes.
(GET 401) Unauthorized: https://api.github.com/repos/ndowen/pkgs
Message: Bad credentials
/usr/local/bundle/gems/octokit-5.6.1/lib/octokit/response/raise_error.rb:14:in `on_complete'
/usr/local/bundle/gems/faraday-2.7.2/lib/faraday/middleware.rb:18:in `block in call'
/usr/local/bundle/gems/faraday-2.7.2/lib/faraday/response.rb:42:in `on_complete'
/usr/local/bundle/gems/faraday-2.7.2/lib/faraday/middleware.rb:17:in `call'
/usr/local/bundle/gems/octokit-5.6.1/lib/octokit/middleware/follow_redirects.rb:73:in `perform_with_redirection'
/usr/local/bundle/gems/octokit-5.6.1/lib/octokit/middleware/follow_redirects.rb:61:in `call'
/usr/local/bundle/gems/faraday-retry-2.0.0/lib/faraday/retry/middleware.rb:148:in `call'
/usr/local/bundle/gems/faraday-2.7.2/lib/faraday/rack_builder.rb:153:in `build_response'
/usr/local/bundle/gems/faraday-2.7.2/lib/faraday/connection.rb:445:in `run_request'
/usr/local/bundle/gems/faraday-2.7.2/lib/faraday/connection.rb:200:in `get'
/usr/local/bundle/gems/sawyer-0.9.2/lib/sawyer/agent.rb:99:in `call'
/usr/local/bundle/gems/octokit-5.6.1/lib/octokit/connection.rb:156:in `request'
/usr/local/bundle/gems/octokit-5.6.1/lib/octokit/connection.rb:19:in `get'
/usr/local/bundle/gems/octokit-5.6.1/lib/octokit/client/repositories.rb:27:in `repository'
/usr/local/bundle/gems/actions_importer-1.3.22189/lib/valet/services/github/submit_workflow.rb:283:in `target_ref'
/usr/local/bundle/gems/sorbet-runtime-0.5.11108/lib/types/private/methods/call_validation.rb:256:in `bind_call'
/usr/local/bundle/gems/sorbet-runtime-0.5.11108/lib/types/private/methods/call_validation.rb:256:in `validate_call'
/usr/local/bundle/gems/sorbet-runtime-0.5.11108/lib/types/private/methods/_methods.rb:275:in `block in _on_method_added'
/usr/local/bundle/gems/actions_importer-1.3.22189/lib/valet/services/github/submit_workflow.rb:74:in `contents_to_upsert'
/usr/local/bundle/gems/sorbet-runtime-0.5.11108/lib/types/private/methods/call_validation.rb:256:in `bind_call'
/usr/local/bundle/gems/sorbet-runtime-0.5.11108/lib/types/private/methods/call_validation.rb:256:in `validate_call'
/usr/local/bundle/gems/sorbet-runtime-0.5.11108/lib/types/private/methods/_methods.rb:275:in `block in _on_method_added'
/usr/local/bundle/gems/actions_importer-1.3.22189/lib/valet/services/github/submit_workflow.rb:42:in `call'
/usr/local/bundle/gems/sorbet-runtime-0.5.11108/lib/types/private/methods/call_validation.rb:256:in `bind_call'
/usr/local/bundle/gems/sorbet-runtime-0.5.11108/lib/types/private/methods/call_validation.rb:256:in `validate_call'
/usr/local/bundle/gems/sorbet-runtime-0.5.11108/lib/types/private/methods/_methods.rb:275:in `block in _on_method_added'
/usr/local/bundle/gems/actions_importer-1.3.22189/lib/valet/commands/migrate.rb:37:in `block in call'
/usr/local/bundle/gems/actions_importer-1.3.22189/lib/valet/logger.rb:96:in `with_progress_bar'
/usr/local/bundle/gems/actions_importer-1.3.22189/lib/valet/commands/migrate.rb:36:in `call'
/usr/local/bundle/gems/sorbet-runtime-0.5.11108/lib/types/private/methods/call_validation.rb:256:in `bind_call'
/usr/local/bundle/gems/sorbet-runtime-0.5.11108/lib/types/private/methods/call_validation.rb:256:in `validate_call'
/usr/local/bundle/gems/sorbet-runtime-0.5.11108/lib/types/private/methods/_methods.rb:275:in `block in _on_method_added'
/usr/local/bundle/gems/actions_importer-1.3.22189/lib/valet/subcommands/migrate.rb:102:in `gitlab'
/usr/local/bundle/gems/thor-1.2.2/lib/thor/command.rb:27:in `run'
/usr/local/bundle/gems/thor-1.2.2/lib/thor/invocation.rb:127:in `invoke_command'
/usr/local/bundle/gems/thor-1.2.2/lib/thor.rb:392:in `dispatch'
/usr/local/bundle/gems/thor-1.2.2/lib/thor/invocation.rb:116:in `invoke'
/usr/local/bundle/gems/thor-1.2.2/lib/thor.rb:243:in `block in subcommand'
/usr/local/bundle/gems/thor-1.2.2/lib/thor/command.rb:27:in `run'
/usr/local/bundle/gems/thor-1.2.2/lib/thor/invocation.rb:127:in `invoke_command'
/usr/local/bundle/gems/thor-1.2.2/lib/thor.rb:392:in `dispatch'
/usr/local/bundle/gems/thor-1.2.2/lib/thor/base.rb:485:in `start'
/usr/local/bundle/gems/actions_importer-1.3.22189/exe/actions-importer:19:in `<top (required)>'
/usr/local/bundle/bin/actions-importer:25:in `load'
/usr/local/bundle/bin/actions-importer:25:in `<main>'
