# Logfile created on 2024-10-09 06:02:50 +0000 by logger.rb/v1.6.0
I, [2024-10-09T06:02:50.269820 #1]  INFO -- : Using GitHub Features: Defaults
I, [2024-10-09T06:02:50.291921 #1]  INFO -- request: GET https://gitlab.com/api/v4/projects/ndowens%2FPKGBUILDs
I, [2024-10-09T06:02:50.705661 #1]  INFO -- response: Status 200
I, [2024-10-09T06:02:50.707637 #1]  INFO -- request: GET https://gitlab.com/api/v4/projects/ndowens%2FPKGBUILDs
I, [2024-10-09T06:02:51.118723 #1]  INFO -- response: Status 200
I, [2024-10-09T06:02:51.119426 #1]  INFO -- request: GET https://gitlab.com/api/v4/projects/ndowens%2FPKGBUILDs/repository/files/.gitlab-ci.yml?ref=master
I, [2024-10-09T06:02:51.492470 #1]  INFO -- response: Status 200
I, [2024-10-09T06:02:51.493060 #1]  INFO -- request: GET https://gitlab.com/api/v4/projects/ndowens%2FPKGBUILDs/variables
I, [2024-10-09T06:02:51.847569 #1]  INFO -- response: Status 200
I, [2024-10-09T06:02:51.848130 #1]  INFO -- request: GET https://gitlab.com/api/v4/groups/ndowens/variables
I, [2024-10-09T06:02:52.251316 #1]  INFO -- response: Status 404
W, [2024-10-09T06:02:52.251644 #1]  WARN -- : Unable to fetch group variables for 'ndowens'
I, [2024-10-09T06:02:52.251996 #1]  INFO -- request: GET https://gitlab.com/api/v4/projects/ndowens%2FPKGBUILDs/pipeline_schedules
I, [2024-10-09T06:02:52.644249 #1]  INFO -- response: Status 200
D, [2024-10-09T06:02:52.660853 #1] DEBUG -- : [Transformers::GitlabCI::On]: Located transformer for 'push'
D, [2024-10-09T06:02:52.660960 #1] DEBUG -- : [Transformers::GitlabCI::On]: Located transformer for 'merge_request'
D, [2024-10-09T06:02:52.661039 #1] DEBUG -- : [Transformers::GitlabCI::On]: Located transformer for 'manual'
D, [2024-10-09T06:02:52.661092 #1] DEBUG -- : [Transformers::GitlabCI::On]: Located transformer for 'schedule'
D, [2024-10-09T06:02:52.662099 #1] DEBUG -- : [Transformers::GitlabCI::Steps]: Located transformer for 'checkout'
D, [2024-10-09T06:02:52.664435 #1] DEBUG -- : [Transformers::GitlabCI::Steps]: Located transformer for 'script'
D, [2024-10-09T06:02:52.664518 #1] DEBUG -- : [Transformers::GitlabCI::Steps]: Located transformer for 'script'
D, [2024-10-09T06:02:52.664557 #1] DEBUG -- : [Transformers::GitlabCI::Steps]: Located transformer for 'script'
D, [2024-10-09T06:02:52.665335 #1] DEBUG -- : [Transformers::GitlabCI::Steps]: Located transformer for 'script'
D, [2024-10-09T06:02:52.666108 #1] DEBUG -- : [Transformers::GitlabCI::Steps]: Located transformer for 'artifacts'
D, [2024-10-09T06:02:52.667206 #1] DEBUG -- : [Transformers::GitlabCI::Steps]: Located transformer for 'checkout'
D, [2024-10-09T06:02:52.667280 #1] DEBUG -- : [Transformers::GitlabCI::Steps]: Located transformer for 'script'
D, [2024-10-09T06:02:52.667321 #1] DEBUG -- : [Transformers::GitlabCI::Steps]: Located transformer for 'artifacts'
D, [2024-10-09T06:02:52.667405 #1] DEBUG -- : [Transformers::GitlabCI::Steps]: Located transformer for 'checkout'
D, [2024-10-09T06:02:52.667461 #1] DEBUG -- : [Transformers::GitlabCI::Steps]: Located transformer for 'dependencies'
D, [2024-10-09T06:02:52.668379 #1] DEBUG -- : [Transformers::GitlabCI::Steps]: Located transformer for 'script'
D, [2024-10-09T06:02:52.668434 #1] DEBUG -- : [Transformers::GitlabCI::Steps]: Located transformer for 'script'
D, [2024-10-09T06:02:52.668472 #1] DEBUG -- : [Transformers::GitlabCI::Steps]: Located transformer for 'artifacts'
D, [2024-10-09T06:02:52.669262 #1] DEBUG -- : [Transformers::GitlabCI::Steps]: Located transformer for 'checkout'
D, [2024-10-09T06:02:52.669327 #1] DEBUG -- : [Transformers::GitlabCI::Steps]: Located transformer for 'dependencies'
D, [2024-10-09T06:02:52.669474 #1] DEBUG -- : [Transformers::GitlabCI::Steps]: Located transformer for 'script'
D, [2024-10-09T06:02:52.669518 #1] DEBUG -- : [Transformers::GitlabCI::Steps]: Located transformer for 'artifacts'
D, [2024-10-09T06:02:52.670198 #1] DEBUG -- : [Transformers::GitlabCI::Steps]: Located transformer for 'pages'
I, [2024-10-09T06:02:52.753219 #1]  INFO -- request: GET https://api.github.com/repos/ndowen/pkgs
I, [2024-10-09T06:02:53.013724 #1]  INFO -- response: Status 404
I, [2024-10-09T06:02:53.015658 #1]  INFO -- request: GET https://api.github.com/user
I, [2024-10-09T06:02:53.284326 #1]  INFO -- response: Status 200
I, [2024-10-09T06:02:53.285954 #1]  INFO -- request: GET https://api.github.com/repos/ndowen/pkgs
I, [2024-10-09T06:02:53.570381 #1]  INFO -- response: Status 404
I, [2024-10-09T06:02:53.570550 #1]  INFO -- : GET https://api.github.com/repos/ndowen/pkgs: 404 - Not Found // See: https://docs.github.com/rest/repos/repos#get-a-repository
I, [2024-10-09T06:02:53.570659 #1]  INFO -- : Sending telemetry with transaction id '2f045136-6751-4fbf-8ed0-b4eb1f232096'
E, [2024-10-09T06:02:53.815219 #1] ERROR -- : Resource not found. This typically occurs when the token provided has insufficient permissions, but can also occur when the resource does not exist.
Please verify the `GITHUB_ACCESS_TOKEN` variable is valid and contains the repo and workflow scopes.
(GET 404) Not Found: https://api.github.com/repos/ndowen/pkgs
Message: Not Found
/usr/local/bundle/gems/octokit-5.6.1/lib/octokit/response/raise_error.rb:14:in `on_complete'
/usr/local/bundle/gems/faraday-2.7.2/lib/faraday/middleware.rb:18:in `block in call'
/usr/local/bundle/gems/faraday-2.7.2/lib/faraday/response.rb:42:in `on_complete'
/usr/local/bundle/gems/faraday-2.7.2/lib/faraday/middleware.rb:17:in `call'
/usr/local/bundle/gems/octokit-5.6.1/lib/octokit/middleware/follow_redirects.rb:73:in `perform_with_redirection'
/usr/local/bundle/gems/octokit-5.6.1/lib/octokit/middleware/follow_redirects.rb:61:in `call'
/usr/local/bundle/gems/faraday-retry-2.0.0/lib/faraday/retry/middleware.rb:148:in `call'
/usr/local/bundle/gems/faraday-2.7.2/lib/faraday/rack_builder.rb:153:in `build_response'
/usr/local/bundle/gems/faraday-2.7.2/lib/faraday/connection.rb:445:in `run_request'
/usr/local/bundle/gems/faraday-2.7.2/lib/faraday/connection.rb:200:in `get'
/usr/local/bundle/gems/sawyer-0.9.2/lib/sawyer/agent.rb:99:in `call'
/usr/local/bundle/gems/octokit-5.6.1/lib/octokit/connection.rb:156:in `request'
/usr/local/bundle/gems/octokit-5.6.1/lib/octokit/connection.rb:19:in `get'
/usr/local/bundle/gems/octokit-5.6.1/lib/octokit/client/repositories.rb:27:in `repository'
/usr/local/bundle/gems/actions_importer-1.3.22189/lib/valet/services/github/submit_workflow.rb:283:in `target_ref'
/usr/local/bundle/gems/sorbet-runtime-0.5.11108/lib/types/private/methods/call_validation.rb:256:in `bind_call'
/usr/local/bundle/gems/sorbet-runtime-0.5.11108/lib/types/private/methods/call_validation.rb:256:in `validate_call'
/usr/local/bundle/gems/sorbet-runtime-0.5.11108/lib/types/private/methods/_methods.rb:275:in `block in _on_method_added'
/usr/local/bundle/gems/actions_importer-1.3.22189/lib/valet/services/github/submit_workflow.rb:74:in `contents_to_upsert'
/usr/local/bundle/gems/sorbet-runtime-0.5.11108/lib/types/private/methods/call_validation.rb:256:in `bind_call'
/usr/local/bundle/gems/sorbet-runtime-0.5.11108/lib/types/private/methods/call_validation.rb:256:in `validate_call'
/usr/local/bundle/gems/sorbet-runtime-0.5.11108/lib/types/private/methods/_methods.rb:275:in `block in _on_method_added'
/usr/local/bundle/gems/actions_importer-1.3.22189/lib/valet/services/github/submit_workflow.rb:42:in `call'
/usr/local/bundle/gems/sorbet-runtime-0.5.11108/lib/types/private/methods/call_validation.rb:256:in `bind_call'
/usr/local/bundle/gems/sorbet-runtime-0.5.11108/lib/types/private/methods/call_validation.rb:256:in `validate_call'
/usr/local/bundle/gems/sorbet-runtime-0.5.11108/lib/types/private/methods/_methods.rb:275:in `block in _on_method_added'
/usr/local/bundle/gems/actions_importer-1.3.22189/lib/valet/commands/migrate.rb:37:in `block in call'
/usr/local/bundle/gems/actions_importer-1.3.22189/lib/valet/logger.rb:96:in `with_progress_bar'
/usr/local/bundle/gems/actions_importer-1.3.22189/lib/valet/commands/migrate.rb:36:in `call'
/usr/local/bundle/gems/sorbet-runtime-0.5.11108/lib/types/private/methods/call_validation.rb:256:in `bind_call'
/usr/local/bundle/gems/sorbet-runtime-0.5.11108/lib/types/private/methods/call_validation.rb:256:in `validate_call'
/usr/local/bundle/gems/sorbet-runtime-0.5.11108/lib/types/private/methods/_methods.rb:275:in `block in _on_method_added'
/usr/local/bundle/gems/actions_importer-1.3.22189/lib/valet/subcommands/migrate.rb:102:in `gitlab'
/usr/local/bundle/gems/thor-1.2.2/lib/thor/command.rb:27:in `run'
/usr/local/bundle/gems/thor-1.2.2/lib/thor/invocation.rb:127:in `invoke_command'
/usr/local/bundle/gems/thor-1.2.2/lib/thor.rb:392:in `dispatch'
/usr/local/bundle/gems/thor-1.2.2/lib/thor/invocation.rb:116:in `invoke'
/usr/local/bundle/gems/thor-1.2.2/lib/thor.rb:243:in `block in subcommand'
/usr/local/bundle/gems/thor-1.2.2/lib/thor/command.rb:27:in `run'
/usr/local/bundle/gems/thor-1.2.2/lib/thor/invocation.rb:127:in `invoke_command'
/usr/local/bundle/gems/thor-1.2.2/lib/thor.rb:392:in `dispatch'
/usr/local/bundle/gems/thor-1.2.2/lib/thor/base.rb:485:in `start'
/usr/local/bundle/gems/actions_importer-1.3.22189/exe/actions-importer:19:in `<top (required)>'
/usr/local/bundle/bin/actions-importer:25:in `load'
/usr/local/bundle/bin/actions-importer:25:in `<main>'
