# Logfile created on 2024-10-09 06:07:38 +0000 by logger.rb/v1.6.0
I, [2024-10-09T06:07:38.974207 #1]  INFO -- : Using GitHub Features: Defaults
I, [2024-10-09T06:07:38.998091 #1]  INFO -- request: GET https://gitlab.com/api/v4/projects/ndowens%2FPKGBUILDs
I, [2024-10-09T06:07:39.374393 #1]  INFO -- response: Status 200
I, [2024-10-09T06:07:39.380817 #1]  INFO -- request: GET https://gitlab.com/api/v4/projects/ndowens%2FPKGBUILDs
I, [2024-10-09T06:07:39.774739 #1]  INFO -- response: Status 200
I, [2024-10-09T06:07:39.776911 #1]  INFO -- request: GET https://gitlab.com/api/v4/projects/ndowens%2FPKGBUILDs/repository/files/.gitlab-ci.yml?ref=master
I, [2024-10-09T06:07:40.110283 #1]  INFO -- response: Status 200
I, [2024-10-09T06:07:40.114851 #1]  INFO -- request: GET https://gitlab.com/api/v4/projects/ndowens%2FPKGBUILDs/variables
I, [2024-10-09T06:07:40.490053 #1]  INFO -- response: Status 200
I, [2024-10-09T06:07:40.490575 #1]  INFO -- request: GET https://gitlab.com/api/v4/groups/ndowens/variables
I, [2024-10-09T06:07:40.767888 #1]  INFO -- response: Status 404
W, [2024-10-09T06:07:40.768241 #1]  WARN -- : Unable to fetch group variables for 'ndowens'
I, [2024-10-09T06:07:40.768579 #1]  INFO -- request: GET https://gitlab.com/api/v4/projects/ndowens%2FPKGBUILDs/pipeline_schedules
I, [2024-10-09T06:07:41.094846 #1]  INFO -- response: Status 200
D, [2024-10-09T06:07:41.101505 #1] DEBUG -- : [Transformers::GitlabCI::On]: Located transformer for 'push'
D, [2024-10-09T06:07:41.101607 #1] DEBUG -- : [Transformers::GitlabCI::On]: Located transformer for 'merge_request'
D, [2024-10-09T06:07:41.101650 #1] DEBUG -- : [Transformers::GitlabCI::On]: Located transformer for 'manual'
D, [2024-10-09T06:07:41.101687 #1] DEBUG -- : [Transformers::GitlabCI::On]: Located transformer for 'schedule'
D, [2024-10-09T06:07:41.102135 #1] DEBUG -- : [Transformers::GitlabCI::Steps]: Located transformer for 'checkout'
D, [2024-10-09T06:07:41.102561 #1] DEBUG -- : [Transformers::GitlabCI::Steps]: Located transformer for 'script'
D, [2024-10-09T06:07:41.102617 #1] DEBUG -- : [Transformers::GitlabCI::Steps]: Located transformer for 'script'
D, [2024-10-09T06:07:41.102655 #1] DEBUG -- : [Transformers::GitlabCI::Steps]: Located transformer for 'script'
D, [2024-10-09T06:07:41.102688 #1] DEBUG -- : [Transformers::GitlabCI::Steps]: Located transformer for 'script'
D, [2024-10-09T06:07:41.102721 #1] DEBUG -- : [Transformers::GitlabCI::Steps]: Located transformer for 'artifacts'
D, [2024-10-09T06:07:41.103138 #1] DEBUG -- : [Transformers::GitlabCI::Steps]: Located transformer for 'checkout'
D, [2024-10-09T06:07:41.103204 #1] DEBUG -- : [Transformers::GitlabCI::Steps]: Located transformer for 'script'
D, [2024-10-09T06:07:41.103242 #1] DEBUG -- : [Transformers::GitlabCI::Steps]: Located transformer for 'artifacts'
D, [2024-10-09T06:07:41.103324 #1] DEBUG -- : [Transformers::GitlabCI::Steps]: Located transformer for 'checkout'
D, [2024-10-09T06:07:41.103380 #1] DEBUG -- : [Transformers::GitlabCI::Steps]: Located transformer for 'dependencies'
D, [2024-10-09T06:07:41.103542 #1] DEBUG -- : [Transformers::GitlabCI::Steps]: Located transformer for 'script'
D, [2024-10-09T06:07:41.103582 #1] DEBUG -- : [Transformers::GitlabCI::Steps]: Located transformer for 'script'
D, [2024-10-09T06:07:41.103615 #1] DEBUG -- : [Transformers::GitlabCI::Steps]: Located transformer for 'artifacts'
D, [2024-10-09T06:07:41.103695 #1] DEBUG -- : [Transformers::GitlabCI::Steps]: Located transformer for 'checkout'
D, [2024-10-09T06:07:41.103746 #1] DEBUG -- : [Transformers::GitlabCI::Steps]: Located transformer for 'dependencies'
D, [2024-10-09T06:07:41.103870 #1] DEBUG -- : [Transformers::GitlabCI::Steps]: Located transformer for 'script'
D, [2024-10-09T06:07:41.103910 #1] DEBUG -- : [Transformers::GitlabCI::Steps]: Located transformer for 'artifacts'
D, [2024-10-09T06:07:41.103957 #1] DEBUG -- : [Transformers::GitlabCI::Steps]: Located transformer for 'pages'
I, [2024-10-09T06:07:41.179602 #1]  INFO -- request: GET https://api.github.com/user
I, [2024-10-09T06:07:41.418898 #1]  INFO -- response: Status 200
I, [2024-10-09T06:07:41.420314 #1]  INFO -- request: GET https://api.github.com/repos/dowens/pkgs
I, [2024-10-09T06:07:41.628933 #1]  INFO -- response: Status 404
I, [2024-10-09T06:07:41.629134 #1]  INFO -- : GET https://api.github.com/repos/dowens/pkgs: 404 - Not Found // See: https://docs.github.com/rest/repos/repos#get-a-repository
I, [2024-10-09T06:07:41.629244 #1]  INFO -- : Sending telemetry with transaction id 'beb43ee5-0b0e-419c-970c-3f64b66711b8'
E, [2024-10-09T06:07:41.840014 #1] ERROR -- : Unable to locate credentials for 'https://github.comn/dowens/pkgs'
/usr/local/bundle/gems/actions_importer-1.3.22189/lib/valet/models/credentials_store.rb:100:in `credentials_for_url'
/usr/local/bundle/gems/actions_importer-1.3.22189/lib/valet/adapters/base/api_client_factory.rb:10:in `retrieve_or_build_client'
/usr/local/bundle/gems/actions_importer-1.3.22189/lib/valet/adapters/github/api_client_factory.rb:10:in `build'
/usr/local/bundle/gems/actions_importer-1.3.22189/lib/valet/services/github/submit_workflow.rb:280:in `target_ref'
/usr/local/bundle/gems/sorbet-runtime-0.5.11108/lib/types/private/methods/call_validation.rb:256:in `bind_call'
/usr/local/bundle/gems/sorbet-runtime-0.5.11108/lib/types/private/methods/call_validation.rb:256:in `validate_call'
/usr/local/bundle/gems/sorbet-runtime-0.5.11108/lib/types/private/methods/_methods.rb:275:in `block in _on_method_added'
/usr/local/bundle/gems/actions_importer-1.3.22189/lib/valet/services/github/submit_workflow.rb:74:in `contents_to_upsert'
/usr/local/bundle/gems/sorbet-runtime-0.5.11108/lib/types/private/methods/call_validation.rb:256:in `bind_call'
/usr/local/bundle/gems/sorbet-runtime-0.5.11108/lib/types/private/methods/call_validation.rb:256:in `validate_call'
/usr/local/bundle/gems/sorbet-runtime-0.5.11108/lib/types/private/methods/_methods.rb:275:in `block in _on_method_added'
/usr/local/bundle/gems/actions_importer-1.3.22189/lib/valet/services/github/submit_workflow.rb:42:in `call'
/usr/local/bundle/gems/sorbet-runtime-0.5.11108/lib/types/private/methods/call_validation.rb:256:in `bind_call'
/usr/local/bundle/gems/sorbet-runtime-0.5.11108/lib/types/private/methods/call_validation.rb:256:in `validate_call'
/usr/local/bundle/gems/sorbet-runtime-0.5.11108/lib/types/private/methods/_methods.rb:275:in `block in _on_method_added'
/usr/local/bundle/gems/actions_importer-1.3.22189/lib/valet/commands/migrate.rb:37:in `block in call'
/usr/local/bundle/gems/actions_importer-1.3.22189/lib/valet/logger.rb:96:in `with_progress_bar'
/usr/local/bundle/gems/actions_importer-1.3.22189/lib/valet/commands/migrate.rb:36:in `call'
/usr/local/bundle/gems/sorbet-runtime-0.5.11108/lib/types/private/methods/call_validation.rb:256:in `bind_call'
/usr/local/bundle/gems/sorbet-runtime-0.5.11108/lib/types/private/methods/call_validation.rb:256:in `validate_call'
/usr/local/bundle/gems/sorbet-runtime-0.5.11108/lib/types/private/methods/_methods.rb:275:in `block in _on_method_added'
/usr/local/bundle/gems/actions_importer-1.3.22189/lib/valet/subcommands/migrate.rb:102:in `gitlab'
/usr/local/bundle/gems/thor-1.2.2/lib/thor/command.rb:27:in `run'
/usr/local/bundle/gems/thor-1.2.2/lib/thor/invocation.rb:127:in `invoke_command'
/usr/local/bundle/gems/thor-1.2.2/lib/thor.rb:392:in `dispatch'
/usr/local/bundle/gems/thor-1.2.2/lib/thor/invocation.rb:116:in `invoke'
/usr/local/bundle/gems/thor-1.2.2/lib/thor.rb:243:in `block in subcommand'
/usr/local/bundle/gems/thor-1.2.2/lib/thor/command.rb:27:in `run'
/usr/local/bundle/gems/thor-1.2.2/lib/thor/invocation.rb:127:in `invoke_command'
/usr/local/bundle/gems/thor-1.2.2/lib/thor.rb:392:in `dispatch'
/usr/local/bundle/gems/thor-1.2.2/lib/thor/base.rb:485:in `start'
/usr/local/bundle/gems/actions_importer-1.3.22189/exe/actions-importer:19:in `<top (required)>'
/usr/local/bundle/bin/actions-importer:25:in `load'
/usr/local/bundle/bin/actions-importer:25:in `<main>'
