# Logfile created on 2024-10-09 04:44:22 +0000 by logger.rb/v1.6.0
I, [2024-10-09T04:44:22.531680 #1]  INFO -- : Using GitHub Features: Defaults
E, [2024-10-09T04:44:22.531712 #1] ERROR -- : Unable to locate credentials for 'https://github.com/ndowns'
/usr/local/bundle/gems/actions_importer-1.3.22189/lib/valet/models/credentials_store.rb:89:in `credentials_for_url'
/usr/local/bundle/gems/actions_importer-1.3.22189/lib/valet/models/credentials_store.rb:77:in `block in parse_credentials'
/usr/local/bundle/gems/actions_importer-1.3.22189/lib/valet/models/credentials_store.rb:73:in `each'
/usr/local/bundle/gems/actions_importer-1.3.22189/lib/valet/models/credentials_store.rb:73:in `parse_credentials'
/usr/local/bundle/gems/actions_importer-1.3.22189/lib/valet/concerns/cli_utilities.rb:74:in `fill_valet_options'
/usr/local/bundle/gems/actions_importer-1.3.22189/lib/valet/subcommands/migrate.rb:100:in `gitlab'
/usr/local/bundle/gems/thor-1.2.2/lib/thor/command.rb:27:in `run'
/usr/local/bundle/gems/thor-1.2.2/lib/thor/invocation.rb:127:in `invoke_command'
/usr/local/bundle/gems/thor-1.2.2/lib/thor.rb:392:in `dispatch'
/usr/local/bundle/gems/thor-1.2.2/lib/thor/invocation.rb:116:in `invoke'
/usr/local/bundle/gems/thor-1.2.2/lib/thor.rb:243:in `block in subcommand'
/usr/local/bundle/gems/thor-1.2.2/lib/thor/command.rb:27:in `run'
/usr/local/bundle/gems/thor-1.2.2/lib/thor/invocation.rb:127:in `invoke_command'
/usr/local/bundle/gems/thor-1.2.2/lib/thor.rb:392:in `dispatch'
/usr/local/bundle/gems/thor-1.2.2/lib/thor/base.rb:485:in `start'
/usr/local/bundle/gems/actions_importer-1.3.22189/exe/actions-importer:19:in `<top (required)>'
/usr/local/bundle/bin/actions-importer:25:in `load'
/usr/local/bundle/bin/actions-importer:25:in `<main>'
