# Logfile created on 2024-10-09 06:09:42 +0000 by logger.rb/v1.6.0
I, [2024-10-09T06:09:42.332866 #1]  INFO -- : Using GitHub Features: Defaults
I, [2024-10-09T06:09:42.355229 #1]  INFO -- request: GET https://gitlab.com/api/v4/projects/ndowens%2FPKGBUILDs
I, [2024-10-09T06:09:42.735271 #1]  INFO -- response: Status 200
I, [2024-10-09T06:09:42.737306 #1]  INFO -- request: GET https://gitlab.com/api/v4/projects/ndowens%2FPKGBUILDs
I, [2024-10-09T06:09:43.121884 #1]  INFO -- response: Status 200
I, [2024-10-09T06:09:43.122656 #1]  INFO -- request: GET https://gitlab.com/api/v4/projects/ndowens%2FPKGBUILDs/repository/files/.gitlab-ci.yml?ref=master
I, [2024-10-09T06:09:43.463260 #1]  INFO -- response: Status 200
I, [2024-10-09T06:09:43.463856 #1]  INFO -- request: GET https://gitlab.com/api/v4/projects/ndowens%2FPKGBUILDs/variables
I, [2024-10-09T06:09:43.812745 #1]  INFO -- response: Status 200
I, [2024-10-09T06:09:43.813322 #1]  INFO -- request: GET https://gitlab.com/api/v4/groups/ndowens/variables
I, [2024-10-09T06:09:44.156688 #1]  INFO -- response: Status 404
W, [2024-10-09T06:09:44.157028 #1]  WARN -- : Unable to fetch group variables for 'ndowens'
I, [2024-10-09T06:09:44.157323 #1]  INFO -- request: GET https://gitlab.com/api/v4/projects/ndowens%2FPKGBUILDs/pipeline_schedules
I, [2024-10-09T06:09:44.480853 #1]  INFO -- response: Status 200
D, [2024-10-09T06:09:44.500004 #1] DEBUG -- : [Transformers::GitlabCI::On]: Located transformer for 'push'
D, [2024-10-09T06:09:44.500115 #1] DEBUG -- : [Transformers::GitlabCI::On]: Located transformer for 'merge_request'
D, [2024-10-09T06:09:44.500159 #1] DEBUG -- : [Transformers::GitlabCI::On]: Located transformer for 'manual'
D, [2024-10-09T06:09:44.500197 #1] DEBUG -- : [Transformers::GitlabCI::On]: Located transformer for 'schedule'
D, [2024-10-09T06:09:44.501170 #1] DEBUG -- : [Transformers::GitlabCI::Steps]: Located transformer for 'checkout'
D, [2024-10-09T06:09:44.502184 #1] DEBUG -- : [Transformers::GitlabCI::Steps]: Located transformer for 'script'
D, [2024-10-09T06:09:44.502247 #1] DEBUG -- : [Transformers::GitlabCI::Steps]: Located transformer for 'script'
D, [2024-10-09T06:09:44.503685 #1] DEBUG -- : [Transformers::GitlabCI::Steps]: Located transformer for 'script'
D, [2024-10-09T06:09:44.503753 #1] DEBUG -- : [Transformers::GitlabCI::Steps]: Located transformer for 'script'
D, [2024-10-09T06:09:44.503796 #1] DEBUG -- : [Transformers::GitlabCI::Steps]: Located transformer for 'artifacts'
D, [2024-10-09T06:09:44.506254 #1] DEBUG -- : [Transformers::GitlabCI::Steps]: Located transformer for 'checkout'
D, [2024-10-09T06:09:44.507001 #1] DEBUG -- : [Transformers::GitlabCI::Steps]: Located transformer for 'script'
D, [2024-10-09T06:09:44.507051 #1] DEBUG -- : [Transformers::GitlabCI::Steps]: Located transformer for 'artifacts'
D, [2024-10-09T06:09:44.507151 #1] DEBUG -- : [Transformers::GitlabCI::Steps]: Located transformer for 'checkout'
D, [2024-10-09T06:09:44.507210 #1] DEBUG -- : [Transformers::GitlabCI::Steps]: Located transformer for 'dependencies'
D, [2024-10-09T06:09:44.508183 #1] DEBUG -- : [Transformers::GitlabCI::Steps]: Located transformer for 'script'
D, [2024-10-09T06:09:44.508243 #1] DEBUG -- : [Transformers::GitlabCI::Steps]: Located transformer for 'script'
D, [2024-10-09T06:09:44.508282 #1] DEBUG -- : [Transformers::GitlabCI::Steps]: Located transformer for 'artifacts'
D, [2024-10-09T06:09:44.508375 #1] DEBUG -- : [Transformers::GitlabCI::Steps]: Located transformer for 'checkout'
D, [2024-10-09T06:09:44.508432 #1] DEBUG -- : [Transformers::GitlabCI::Steps]: Located transformer for 'dependencies'
D, [2024-10-09T06:09:44.509119 #1] DEBUG -- : [Transformers::GitlabCI::Steps]: Located transformer for 'script'
D, [2024-10-09T06:09:44.509169 #1] DEBUG -- : [Transformers::GitlabCI::Steps]: Located transformer for 'artifacts'
D, [2024-10-09T06:09:44.509225 #1] DEBUG -- : [Transformers::GitlabCI::Steps]: Located transformer for 'pages'
I, [2024-10-09T06:09:44.590632 #1]  INFO -- request: GET https://api.github.com/repos/ndowens/pkgs
I, [2024-10-09T06:09:44.857913 #1]  INFO -- response: Status 200
I, [2024-10-09T06:09:44.865256 #1]  INFO -- request: GET https://api.github.com/repos/ndowens/pkgs/git/refs/heads/master
I, [2024-10-09T06:09:45.087031 #1]  INFO -- response: Status 409
I, [2024-10-09T06:09:45.088751 #1]  INFO -- request: GET https://api.github.com/user
I, [2024-10-09T06:09:45.340332 #1]  INFO -- response: Status 200
I, [2024-10-09T06:09:45.341611 #1]  INFO -- request: GET https://api.github.com/repos/ndowens/pkgs
I, [2024-10-09T06:09:45.648625 #1]  INFO -- response: Status 200
I, [2024-10-09T06:09:45.649816 #1]  INFO -- : Sending telemetry with transaction id 'a70bcf69-21f6-4ea4-9eeb-2edd91547d71'
E, [2024-10-09T06:09:45.855741 #1] ERROR -- : (GET 409) Conflict: https://api.github.com/repos/ndowens/pkgs/git/refs/heads/master
Message: Git Repository is empty.
/usr/local/bundle/gems/octokit-5.6.1/lib/octokit/response/raise_error.rb:14:in `on_complete'
/usr/local/bundle/gems/faraday-2.7.2/lib/faraday/middleware.rb:18:in `block in call'
/usr/local/bundle/gems/faraday-2.7.2/lib/faraday/response.rb:42:in `on_complete'
/usr/local/bundle/gems/faraday-2.7.2/lib/faraday/middleware.rb:17:in `call'
/usr/local/bundle/gems/octokit-5.6.1/lib/octokit/middleware/follow_redirects.rb:73:in `perform_with_redirection'
/usr/local/bundle/gems/octokit-5.6.1/lib/octokit/middleware/follow_redirects.rb:61:in `call'
/usr/local/bundle/gems/faraday-retry-2.0.0/lib/faraday/retry/middleware.rb:148:in `call'
/usr/local/bundle/gems/faraday-2.7.2/lib/faraday/rack_builder.rb:153:in `build_response'
/usr/local/bundle/gems/faraday-2.7.2/lib/faraday/connection.rb:445:in `run_request'
/usr/local/bundle/gems/faraday-2.7.2/lib/faraday/connection.rb:200:in `get'
/usr/local/bundle/gems/sawyer-0.9.2/lib/sawyer/agent.rb:99:in `call'
/usr/local/bundle/gems/octokit-5.6.1/lib/octokit/connection.rb:156:in `request'
/usr/local/bundle/gems/octokit-5.6.1/lib/octokit/connection.rb:19:in `get'
/usr/local/bundle/gems/octokit-5.6.1/lib/octokit/client/refs.rb:47:in `ref'
/usr/local/bundle/gems/actions_importer-1.3.22189/lib/valet/services/github/submit_workflow.rb:135:in `submit_content'
/usr/local/bundle/gems/sorbet-runtime-0.5.11108/lib/types/private/methods/call_validation.rb:256:in `bind_call'
/usr/local/bundle/gems/sorbet-runtime-0.5.11108/lib/types/private/methods/call_validation.rb:256:in `validate_call'
/usr/local/bundle/gems/sorbet-runtime-0.5.11108/lib/types/private/methods/_methods.rb:275:in `block in _on_method_added'
/usr/local/bundle/gems/actions_importer-1.3.22189/lib/valet/services/github/submit_workflow.rb:46:in `block in call'
/usr/local/bundle/gems/actions_importer-1.3.22189/lib/valet/services/github/submit_workflow.rb:45:in `each'
/usr/local/bundle/gems/actions_importer-1.3.22189/lib/valet/services/github/submit_workflow.rb:45:in `map'
/usr/local/bundle/gems/actions_importer-1.3.22189/lib/valet/services/github/submit_workflow.rb:45:in `call'
/usr/local/bundle/gems/sorbet-runtime-0.5.11108/lib/types/private/methods/call_validation.rb:256:in `bind_call'
/usr/local/bundle/gems/sorbet-runtime-0.5.11108/lib/types/private/methods/call_validation.rb:256:in `validate_call'
/usr/local/bundle/gems/sorbet-runtime-0.5.11108/lib/types/private/methods/_methods.rb:275:in `block in _on_method_added'
/usr/local/bundle/gems/actions_importer-1.3.22189/lib/valet/commands/migrate.rb:37:in `block in call'
/usr/local/bundle/gems/actions_importer-1.3.22189/lib/valet/logger.rb:96:in `with_progress_bar'
/usr/local/bundle/gems/actions_importer-1.3.22189/lib/valet/commands/migrate.rb:36:in `call'
/usr/local/bundle/gems/sorbet-runtime-0.5.11108/lib/types/private/methods/call_validation.rb:256:in `bind_call'
/usr/local/bundle/gems/sorbet-runtime-0.5.11108/lib/types/private/methods/call_validation.rb:256:in `validate_call'
/usr/local/bundle/gems/sorbet-runtime-0.5.11108/lib/types/private/methods/_methods.rb:275:in `block in _on_method_added'
/usr/local/bundle/gems/actions_importer-1.3.22189/lib/valet/subcommands/migrate.rb:102:in `gitlab'
/usr/local/bundle/gems/thor-1.2.2/lib/thor/command.rb:27:in `run'
/usr/local/bundle/gems/thor-1.2.2/lib/thor/invocation.rb:127:in `invoke_command'
/usr/local/bundle/gems/thor-1.2.2/lib/thor.rb:392:in `dispatch'
/usr/local/bundle/gems/thor-1.2.2/lib/thor/invocation.rb:116:in `invoke'
/usr/local/bundle/gems/thor-1.2.2/lib/thor.rb:243:in `block in subcommand'
/usr/local/bundle/gems/thor-1.2.2/lib/thor/command.rb:27:in `run'
/usr/local/bundle/gems/thor-1.2.2/lib/thor/invocation.rb:127:in `invoke_command'
/usr/local/bundle/gems/thor-1.2.2/lib/thor.rb:392:in `dispatch'
/usr/local/bundle/gems/thor-1.2.2/lib/thor/base.rb:485:in `start'
/usr/local/bundle/gems/actions_importer-1.3.22189/exe/actions-importer:19:in `<top (required)>'
/usr/local/bundle/bin/actions-importer:25:in `load'
/usr/local/bundle/bin/actions-importer:25:in `<main>'
