# Logfile created on 2024-10-09 06:13:06 +0000 by logger.rb/v1.6.0
I, [2024-10-09T06:13:06.467908 #1]  INFO -- : Using GitHub Features: Defaults
E, [2024-10-09T06:13:06.467943 #1] ERROR -- : There was an error extracting the GitLab CI pipeline (ndowens/PKGBUILDs)
Message: Unable to locate credentials for 'https://gitlab.com'
/usr/local/bundle/gems/actions_importer-1.3.22189/lib/valet/models/credentials_store.rb:100:in `credentials_for_url'
/usr/local/bundle/gems/actions_importer-1.3.22189/lib/valet/adapters/base/api_client_factory.rb:10:in `retrieve_or_build_client'
/usr/local/bundle/gems/actions_importer-1.3.22189/lib/valet/adapters/gitlab_ci/api_client_factory.rb:8:in `build'
/usr/local/bundle/gems/actions_importer-1.3.22189/lib/valet/services/gitlab_ci/extract_pipeline.rb:99:in `pipeline_attributes_from_client'
/usr/local/bundle/gems/actions_importer-1.3.22189/lib/valet/services/gitlab_ci/extract_pipeline.rb:35:in `block in call'
/usr/local/bundle/gems/actions_importer-1.3.22189/lib/valet/concerns/cli_utilities.rb:132:in `source_file_from_local_or_scm'
/usr/local/bundle/gems/actions_importer-1.3.22189/lib/valet/services/gitlab_ci/extract_pipeline.rb:34:in `call'
/usr/local/bundle/gems/actions_importer-1.3.22189/lib/valet/adapters/provider_resolver.rb:58:in `call'
/usr/local/bundle/gems/actions_importer-1.3.22189/lib/valet/commands/migrate.rb:25:in `block in call'
/usr/local/bundle/gems/actions_importer-1.3.22189/lib/valet/logger.rb:96:in `with_progress_bar'
/usr/local/bundle/gems/actions_importer-1.3.22189/lib/valet/commands/migrate.rb:24:in `call'
/usr/local/bundle/gems/sorbet-runtime-0.5.11108/lib/types/private/methods/call_validation.rb:256:in `bind_call'
/usr/local/bundle/gems/sorbet-runtime-0.5.11108/lib/types/private/methods/call_validation.rb:256:in `validate_call'
/usr/local/bundle/gems/sorbet-runtime-0.5.11108/lib/types/private/methods/_methods.rb:275:in `block in _on_method_added'
/usr/local/bundle/gems/actions_importer-1.3.22189/lib/valet/subcommands/migrate.rb:102:in `gitlab'
/usr/local/bundle/gems/thor-1.2.2/lib/thor/command.rb:27:in `run'
/usr/local/bundle/gems/thor-1.2.2/lib/thor/invocation.rb:127:in `invoke_command'
/usr/local/bundle/gems/thor-1.2.2/lib/thor.rb:392:in `dispatch'
/usr/local/bundle/gems/thor-1.2.2/lib/thor/invocation.rb:116:in `invoke'
/usr/local/bundle/gems/thor-1.2.2/lib/thor.rb:243:in `block in subcommand'
/usr/local/bundle/gems/thor-1.2.2/lib/thor/command.rb:27:in `run'
/usr/local/bundle/gems/thor-1.2.2/lib/thor/invocation.rb:127:in `invoke_command'
/usr/local/bundle/gems/thor-1.2.2/lib/thor.rb:392:in `dispatch'
/usr/local/bundle/gems/thor-1.2.2/lib/thor/base.rb:485:in `start'
/usr/local/bundle/gems/actions_importer-1.3.22189/exe/actions-importer:19:in `<top (required)>'
/usr/local/bundle/bin/actions-importer:25:in `load'
/usr/local/bundle/bin/actions-importer:25:in `<main>'
I, [2024-10-09T06:13:06.498087 #1]  INFO -- request: GET https://api.github.com/user
I, [2024-10-09T06:13:06.772118 #1]  INFO -- response: Status 200
I, [2024-10-09T06:13:06.774833 #1]  INFO -- request: GET https://api.github.com/repos/ndowens/pkgs
I, [2024-10-09T06:13:07.053445 #1]  INFO -- response: Status 200
I, [2024-10-09T06:13:07.061961 #1]  INFO -- : Sending telemetry with transaction id '79ff02cf-09ed-45c7-aada-d389f6f841d5'
